<?xml version="1.0" encoding="UTF-8"?>
<!-- Generated by org.testng.reporters.JUnitXMLReporter -->
<testsuite ignored="0" hostname="AKOMOS" failures="0" tests="2" name="Error Validations Test" time="15.717" errors="0" timestamp="2024-03-18T16:56:57 TRT">
  <testcase classname="ilkbeySirketi.ErrorValidationsTest" name="LoginErrorValidation" time="1.06"/>
  <testcase classname="ilkbeySirketi.ErrorValidationsTest" name="ProductErrorValidation" time="4.259"/>
</testsuite> <!-- Error Validations Test -->
