<?xml version="1.0" encoding="UTF-8"?>
<!-- Generated by org.testng.reporters.JUnitXMLReporter -->
<testsuite ignored="0" hostname="AKOMOS" failures="0" tests="2" name="Error Validations Test" time="0.08" errors="0" timestamp="2024-03-19T16:34:40 TRT">
  <testcase classname="ilkbeySirketi.ErrorValidationsTest" name="LoginErrorValidation" time="0.0">
    <skipped/>
  </testcase> <!-- LoginErrorValidation -->
  <testcase classname="ilkbeySirketi.ErrorValidationsTest" name="ProductErrorValidation" time="0.001">
    <skipped/>
  </testcase> <!-- ProductErrorValidation -->
</testsuite> <!-- Error Validations Test -->
